Using pre-set license
Built from '2022.3/staging' branch; Version is '2022.3.19f1 (244b723c30a6) revision 2378610'; Using compiler version '192829333'; Build Type 'Release'
OS: 'Windows 11  (10.0.22631) 64bit Core' Language: 'sv' Physical Memory: 32406 MB
BatchMode: 1, IsHumanControllingUs: 0, StartBugReporterOnCrash: 0, Is64bit: 1, IsPro: 1

COMMAND LINE ARGUMENTS:
C:\Program Files\Unity\Hub\Editor\2022.3.19f1\Editor\Unity.exe
-adb2
-batchMode
-noUpm
-name
AssetImportWorker4
-projectPath
C:/Users/livbo/Documents/GitHub/2D_Wave_Sooter
-logFile
Logs/AssetImportWorker4.log
-srvPort
49871
Successfully changed project path to: C:/Users/livbo/Documents/GitHub/2D_Wave_Sooter
C:/Users/livbo/Documents/GitHub/2D_Wave_Sooter
[UnityMemory] Configuration Parameters - Can be set up in boot.config
    "memorysetup-bucket-allocator-granularity=16"
    "memorysetup-bucket-allocator-bucket-count=8"
    "memorysetup-bucket-allocator-block-size=33554432"
    "memorysetup-bucket-allocator-block-count=8"
    "memorysetup-main-allocator-block-size=16777216"
    "memorysetup-thread-allocator-block-size=16777216"
    "memorysetup-gfx-main-allocator-block-size=16777216"
    "memorysetup-gfx-thread-allocator-block-size=16777216"
    "memorysetup-cache-allocator-block-size=4194304"
    "memorysetup-typetree-allocator-block-size=2097152"
    "memorysetup-profiler-bucket-allocator-granularity=16"
    "memorysetup-profiler-bucket-allocator-bucket-count=8"
    "memorysetup-profiler-bucket-allocator-block-size=33554432"
    "memorysetup-profiler-bucket-allocator-block-count=8"
    "memorysetup-profiler-allocator-block-size=16777216"
    "memorysetup-profiler-editor-allocator-block-size=1048576"
    "memorysetup-temp-allocator-size-main=16777216"
    "memorysetup-job-temp-allocator-block-size=2097152"
    "memorysetup-job-temp-allocator-block-size-background=1048576"
    "memorysetup-job-temp-allocator-reduction-small-platforms=262144"
    "memorysetup-allocator-temp-initial-block-size-main=262144"
    "memorysetup-allocator-temp-initial-block-size-worker=262144"
    "memorysetup-temp-allocator-size-background-worker=32768"
    "memorysetup-temp-allocator-size-job-worker=262144"
    "memorysetup-temp-allocator-size-preload-manager=33554432"
    "memorysetup-temp-allocator-size-nav-mesh-worker=65536"
    "memorysetup-temp-allocator-size-audio-worker=65536"
    "memorysetup-temp-allocator-size-cloud-worker=32768"
    "memorysetup-temp-allocator-size-gi-baking-worker=262144"
    "memorysetup-temp-allocator-size-gfx=262144"
Player connection [26788] Host "[IP] 192.168.50.92 [Port] 0 [Flags] 2 [Guid] 4074100789 [EditorId] 4074100789 [Version] 1048832 [Id] WindowsEditor(7,i3ogdan_Li) [Debug] 1 [PackageName] WindowsEditor [ProjectName] Editor" joined multi-casting on [225.0.0.222:54997]...

Player connection [26788] Host "[IP] 192.168.50.92 [Port] 0 [Flags] 2 [Guid] 4074100789 [EditorId] 4074100789 [Version] 1048832 [Id] WindowsEditor(7,i3ogdan_Li) [Debug] 1 [PackageName] WindowsEditor [ProjectName] Editor" joined alternative multi-casting on [225.0.0.222:34997]...

[Physics::Module] Initialized MultithreadedJobDispatcher with 23 workers.
Refreshing native plugins compatible for Editor in 10.48 ms, found 2 plugins.
Preloading 0 native plugins for Editor in 0.00 ms.
Initialize engine version: 2022.3.19f1 (244b723c30a6)
[Subsystems] Discovering subsystems at path C:/Program Files/Unity/Hub/Editor/2022.3.19f1/Editor/Data/Resources/UnitySubsystems
[Subsystems] Discovering subsystems at path C:/Users/livbo/Documents/GitHub/2D_Wave_Sooter/Assets
GfxDevice: creating device client; threaded=0; jobified=0
Direct3D:
    Version:  Direct3D 11.0 [level 11.1]
    Renderer: NVIDIA GeForce RTX 4070 Laptop GPU (ID=0x2820)
    Vendor:   NVIDIA
    VRAM:     7963 MB
    Driver:   31.0.15.4680
Initialize mono
Mono path[0] = 'C:/Program Files/Unity/Hub/Editor/2022.3.19f1/Editor/Data/Managed'
Mono path[1] = 'C:/Program Files/Unity/Hub/Editor/2022.3.19f1/Editor/Data/MonoBleedingEdge/lib/mono/unityjit-win32'
Mono config path = 'C:/Program Files/Unity/Hub/Editor/2022.3.19f1/Editor/Data/MonoBleedingEdge/etc'
Using monoOptions --debugger-agent=transport=dt_socket,embedding=1,server=y,suspend=n,address=127.0.0.1:56308
Begin MonoManager ReloadAssembly
Registering precompiled unity dll's ...
Register platform support module: C:/Program Files/Unity/Hub/Editor/2022.3.19f1/Editor/Data/PlaybackEngines/AndroidPlayer/UnityEditor.Android.Extensions.dll
Register platform support module: C:/Program Files/Unity/Hub/Editor/2022.3.19f1/Editor/Data/PlaybackEngines/WindowsStandaloneSupport/UnityEditor.WindowsStandalone.Extensions.dll
Registered in 0.006899 seconds.
- Loaded All Assemblies, in  0.255 seconds
Native extension for WindowsStandalone target not found
Native extension for Android target not found
Android Extension - Scanning For ADB Devices 404 ms
Mono: successfully reloaded assembly
- Finished resetting the current domain, in  0.646 seconds
Domain Reload Profiling: 900ms
	BeginReloadAssembly (78ms)
		ExecutionOrderSort (0ms)
		DisableScriptedObjects (0ms)
		BackupInstance (0ms)
		ReleaseScriptingObjects (0ms)
		CreateAndSetChildDomain (1ms)
	RebuildCommonClasses (23ms)
	RebuildNativeTypeToScriptingClass (7ms)
	initialDomainReloadingComplete (44ms)
	LoadAllAssembliesAndSetupDomain (101ms)
		LoadAssemblies (76ms)
		RebuildTransferFunctionScriptingTraits (0ms)
		AnalyzeDomain (100ms)
			TypeCache.Refresh (99ms)
				TypeCache.ScanAssembly (89ms)
			ScanForSourceGeneratedMonoScriptInfo (0ms)
			ResolveRequiredComponents (0ms)
	FinalizeReload (646ms)
		ReleaseScriptCaches (0ms)
		RebuildScriptCaches (0ms)
		SetupLoadedEditorAssemblies (608ms)
			LogAssemblyErrors (0ms)
			InitializePlatformSupportModulesInManaged (493ms)
			SetLoadedEditorAssemblies (2ms)
			RefreshPlugins (0ms)
			BeforeProcessingInitializeOnLoad (2ms)
			ProcessInitializeOnLoadAttributes (79ms)
			ProcessInitializeOnLoadMethodAttributes (32ms)
			AfterProcessingInitializeOnLoad (0ms)
			EditorAssembliesLoaded (0ms)
		ExecutionOrderSort2 (0ms)
		AwakeInstancesAfterBackupRestoration (0ms)
========================================================================
Worker process is ready to serve import requests
Begin MonoManager ReloadAssembly
Symbol file LoadedFromMemory is not a mono symbol file
- Loaded All Assemblies, in  0.394 seconds
Refreshing native plugins compatible for Editor in 5.22 ms, found 2 plugins.
Native extension for WindowsStandalone target not found
Native extension for Android target not found
Package Manager log level set to [2]
[Package Manager] Server::EnsureServerProcessIsRunning -- launch failed, reason: Unity was launched with the -noUpm command-line argument
[Package Manager] UpmClient::Send -- Unable to send message (not connected to UPM process).
[Package Manager] Cannot connect to Unity Package Manager local server
Mono: successfully reloaded assembly
- Finished resetting the current domain, in  0.391 seconds
Domain Reload Profiling: 782ms
	BeginReloadAssembly (103ms)
		ExecutionOrderSort (0ms)
		DisableScriptedObjects (4ms)
		BackupInstance (0ms)
		ReleaseScriptingObjects (0ms)
		CreateAndSetChildDomain (16ms)
	RebuildCommonClasses (22ms)
	RebuildNativeTypeToScriptingClass (7ms)
	initialDomainReloadingComplete (22ms)
	LoadAllAssembliesAndSetupDomain (236ms)
		LoadAssemblies (212ms)
		RebuildTransferFunctionScriptingTraits (0ms)
		AnalyzeDomain (84ms)
			TypeCache.Refresh (73ms)
				TypeCache.ScanAssembly (60ms)
			ScanForSourceGeneratedMonoScriptInfo (9ms)
			ResolveRequiredComponents (2ms)
	FinalizeReload (391ms)
		ReleaseScriptCaches (0ms)
		RebuildScriptCaches (0ms)
		SetupLoadedEditorAssemblies (286ms)
			LogAssemblyErrors (0ms)
			InitializePlatformSupportModulesInManaged (17ms)
			SetLoadedEditorAssemblies (2ms)
			RefreshPlugins (0ms)
			BeforeProcessingInitializeOnLoad (43ms)
			ProcessInitializeOnLoadAttributes (181ms)
			ProcessInitializeOnLoadMethodAttributes (38ms)
			AfterProcessingInitializeOnLoad (5ms)
			EditorAssembliesLoaded (0ms)
		ExecutionOrderSort2 (0ms)
		AwakeInstancesAfterBackupRestoration (4ms)
Launched and connected shader compiler UnityShaderCompiler.exe after 0.07 seconds
Refreshing native plugins compatible for Editor in 5.26 ms, found 2 plugins.
Preloading 0 native plugins for Editor in 0.00 ms.
Unloading 2110 Unused Serialized files (Serialized files now loaded: 0)
Unloading 52 unused Assets / (65.2 KB). Loaded Objects now: 2563.
Memory consumption went from 109.6 MB to 109.5 MB.
Total: 2.418800 ms (FindLiveObjects: 0.120700 ms CreateObjectMapping: 0.037600 ms MarkObjects: 2.154100 ms  DeleteObjects: 0.105600 ms)

AssetImportParameters requested are different than current active one (requested -> active):
  custom:video-decoder-webm-vp8: 9c59270c3fd7afecdb556c50c9e8de78 -> 
  custom:SearchIndexIgnoredProperties: e643bd26f0fe6173181afceb89e7c659 -> 
  custom:container-demuxer-ogg: 62fdf1f143b41e24485cea50d1cbac27 -> 
  custom:AudioImporter_EditorPlatform: d09bf68614088b80899f8185d706f6e7 -> 
  custom:video-codec-MediaFoundation-h265: 746d11721c4dcdbdad8f713fa42b33f4 -> 
  custom:video-decoder-ogg-theora: a1e56fd34408186e4bbccfd4996cb3dc -> 
  custom:framework-win-MediaFoundation: 216162199b28c13a410421893ffa2e32 -> 
  custom:video-encoder-webm-vp8: eb34c28f22e8b96e1ab97ce403110664 -> 
  custom:audio-decoder-ogg-vorbis: bf7c407c2cedff20999df2af8eb42d56 -> 
  custom:CustomObjectIndexerAttribute: 6d391050e5a25f67b0a2c618074f2cd9 -> 
  custom:container-demuxer-webm: 4f35f7cbe854078d1ac9338744f61a02 -> 
  custom:audio-encoder-webm-vorbis: bf7c407c2cedff20999df2af8eb42d56 -> 
  custom:container-muxer-webm: aa71ff27fc2769a1b78a27578f13a17b -> 
========================================================================
Received Import Request.
  Time since last request: 186147.902255 seconds.
  path: Assets/Sprites/Battleground.png
  artifactKey: Guid(7112df78e260baa4aa3372f89c765229) Importer(815301076,1909f56bfc062723c751e8b465ee728b)
Start importing Assets/Sprites/Battleground.png using Guid(7112df78e260baa4aa3372f89c765229) Importer(815301076,1909f56bfc062723c751e8b465ee728b)  -> (artifact id: 'b98a8d2ae385a315f45a0e2469b10c53') in 0.059212 seconds
Number of updated asset objects reloaded before import = 0
Number of asset objects unloaded after import = 3
========================================================================
Received Import Request.
  Time since last request: 0.104312 seconds.
  path: Assets/Sprites/Frame_Blue.png
  artifactKey: Guid(eeff977e46442b949b017caf0eba8fa7) Importer(815301076,1909f56bfc062723c751e8b465ee728b)
Start importing Assets/Sprites/Frame_Blue.png using Guid(eeff977e46442b949b017caf0eba8fa7) Importer(815301076,1909f56bfc062723c751e8b465ee728b)  -> (artifact id: '790f9a0eaf1b122f3511c8a67deaec37') in 0.024490 seconds
Number of updated asset objects reloaded before import = 0
Number of asset objects unloaded after import = 3
========================================================================
Received Import Request.
  Time since last request: 0.149851 seconds.
  path: Assets/Sprites/Player.png
  artifactKey: Guid(8562ded1973d0dc4592f74c66c5ea9e2) Importer(815301076,1909f56bfc062723c751e8b465ee728b)
Start importing Assets/Sprites/Player.png using Guid(8562ded1973d0dc4592f74c66c5ea9e2) Importer(815301076,1909f56bfc062723c751e8b465ee728b)  -> (artifact id: 'b4864028e87acf3e86693ff53ed06f0f') in 0.052201 seconds
Number of updated asset objects reloaded before import = 0
Number of asset objects unloaded after import = 7
========================================================================
Received Import Request.
  Time since last request: 0.000242 seconds.
  path: Assets/Sprites/weapons.png
  artifactKey: Guid(dbee3fab2c13a324382300c37642c5f4) Importer(815301076,1909f56bfc062723c751e8b465ee728b)
Start importing Assets/Sprites/weapons.png using Guid(dbee3fab2c13a324382300c37642c5f4) Importer(815301076,1909f56bfc062723c751e8b465ee728b)  -> (artifact id: '9fd41263bb292f23c08a92b7c2fb612b') in 0.078409 seconds
Number of updated asset objects reloaded before import = 0
Number of asset objects unloaded after import = 8
========================================================================
Received Import Request.
  Time since last request: 0.000177 seconds.
  path: Assets/Sprites/hpBar.psd
  artifactKey: Guid(7e10998e8a31e3f41a8d24b277325ba7) Importer(815301076,1909f56bfc062723c751e8b465ee728b)
Start importing Assets/Sprites/hpBar.psd using Guid(7e10998e8a31e3f41a8d24b277325ba7) Importer(815301076,1909f56bfc062723c751e8b465ee728b)  -> (artifact id: '7322197ca741c56cf8035411fb7409a1') in 0.014117 seconds
Number of updated asset objects reloaded before import = 0
Number of asset objects unloaded after import = 3
========================================================================
Received Import Request.
  Time since last request: 0.000049 seconds.
  path: Assets/Sprites/Summoner.png
  artifactKey: Guid(7296b7733f6ce184abfe687ad6ae0a7a) Importer(815301076,1909f56bfc062723c751e8b465ee728b)
Start importing Assets/Sprites/Summoner.png using Guid(7296b7733f6ce184abfe687ad6ae0a7a) Importer(815301076,1909f56bfc062723c751e8b465ee728b)  -> (artifact id: '08bec694223dd1d5c8feb2e579b0088b') in 0.041206 seconds
Number of updated asset objects reloaded before import = 0
Number of asset objects unloaded after import = 7
========================================================================
Received Import Request.
  Time since last request: 0.000013 seconds.
  path: Assets/Sprites/spawnedEnemy.psd
  artifactKey: Guid(6dcc4f427f2213946b2b30ce8134a2c9) Importer(815301076,1909f56bfc062723c751e8b465ee728b)
Start importing Assets/Sprites/spawnedEnemy.psd using Guid(6dcc4f427f2213946b2b30ce8134a2c9) Importer(815301076,1909f56bfc062723c751e8b465ee728b)  -> (artifact id: 'bbdf9f6a6f28f1f1d1ed788e5a74a6b5') in 0.052295 seconds
Number of updated asset objects reloaded before import = 0
Number of asset objects unloaded after import = 6
========================================================================
Received Import Request.
  Time since last request: 10.747627 seconds.
  path: Assets/Sprites/Neon
  artifactKey: Guid(c84b3f751e1aeb04da70b2c214e8f1a0) Importer(815301076,1909f56bfc062723c751e8b465ee728b)
Start importing Assets/Sprites/Neon using Guid(c84b3f751e1aeb04da70b2c214e8f1a0) Importer(815301076,1909f56bfc062723c751e8b465ee728b)  -> (artifact id: '3d37fb76b9d74edb5f6e3b0e48388139') in 0.000515 seconds
Number of updated asset objects reloaded before import = 0
Number of asset objects unloaded after import = 0
========================================================================
Received Import Request.
  Time since last request: 0.964475 seconds.
  path: Assets/Sprites/Neon/White_on
  artifactKey: Guid(113ea3871e0bab94c924d1c0b174fba0) Importer(815301076,1909f56bfc062723c751e8b465ee728b)
Start importing Assets/Sprites/Neon/White_on using Guid(113ea3871e0bab94c924d1c0b174fba0) Importer(815301076,1909f56bfc062723c751e8b465ee728b)  -> (artifact id: 'dd50267d92b9dd056ad3951b387e9e6d') in 0.000443 seconds
Number of updated asset objects reloaded before import = 0
Number of asset objects unloaded after import = 0
========================================================================
Received Import Request.
  Time since last request: 0.118196 seconds.
  path: Assets/Sprites/Neon/White_on/!.png
  artifactKey: Guid(3dbd60fd71d1f764ba40167d3cdc5ab1) Importer(815301076,1909f56bfc062723c751e8b465ee728b)
Start importing Assets/Sprites/Neon/White_on/!.png using Guid(3dbd60fd71d1f764ba40167d3cdc5ab1) Importer(815301076,1909f56bfc062723c751e8b465ee728b)  -> (artifact id: '3885bbf3827beaa2e5904b9f9e1cabe4') in 0.017678 seconds
Number of updated asset objects reloaded before import = 0
Number of asset objects unloaded after import = 3
========================================================================
Received Import Request.
  Time since last request: 0.000403 seconds.
  path: Assets/Sprites/Neon/White_on/5.png
  artifactKey: Guid(440e5dc3229d753478bb9560bcacef8c) Importer(815301076,1909f56bfc062723c751e8b465ee728b)
Start importing Assets/Sprites/Neon/White_on/5.png using Guid(440e5dc3229d753478bb9560bcacef8c) Importer(815301076,1909f56bfc062723c751e8b465ee728b)  -> (artifact id: 'f4f1cee809076d16882ffb90cc62d7cb') in 0.049607 seconds
Number of updated asset objects reloaded before import = 0
Number of asset objects unloaded after import = 3
========================================================================
Received Import Request.
  Time since last request: 0.000018 seconds.
  path: Assets/Sprites/Neon/White_on/p.png
  artifactKey: Guid(f626532cac6fc4e4ab56c5f291a220ac) Importer(815301076,1909f56bfc062723c751e8b465ee728b)
Start importing Assets/Sprites/Neon/White_on/p.png using Guid(f626532cac6fc4e4ab56c5f291a220ac) Importer(815301076,1909f56bfc062723c751e8b465ee728b)  -> (artifact id: '083444b3ec225e7178e5dab5386f8b23') in 0.055745 seconds
Number of updated asset objects reloaded before import = 0
Number of asset objects unloaded after import = 3
========================================================================
Received Import Request.
  Time since last request: 0.000015 seconds.
  path: Assets/Sprites/Neon/White_on/b.png
  artifactKey: Guid(75bb0745bcefe4b4e931a3eddf510a32) Importer(815301076,1909f56bfc062723c751e8b465ee728b)
Start importing Assets/Sprites/Neon/White_on/b.png using Guid(75bb0745bcefe4b4e931a3eddf510a32) Importer(815301076,1909f56bfc062723c751e8b465ee728b)  -> (artifact id: 'be3c32ba6c9f23ce51f6c6a90a505d7d') in 0.043537 seconds
Number of updated asset objects reloaded before import = 0
Number of asset objects unloaded after import = 3
========================================================================
Received Import Request.
  Time since last request: 0.000022 seconds.
  path: Assets/Sprites/Neon/White_on/l.png
  artifactKey: Guid(24c92cfd6e2154c4db08205b6dd8814e) Importer(815301076,1909f56bfc062723c751e8b465ee728b)
Start importing Assets/Sprites/Neon/White_on/l.png using Guid(24c92cfd6e2154c4db08205b6dd8814e) Importer(815301076,1909f56bfc062723c751e8b465ee728b)  -> (artifact id: '4513cdcb5495b3676660f50df0efacbf') in 0.056919 seconds
Number of updated asset objects reloaded before import = 0
Number of asset objects unloaded after import = 3
========================================================================
Received Import Request.
  Time since last request: 0.000079 seconds.
  path: Assets/Sprites/Neon/White_on/t.png
  artifactKey: Guid(cd554eaa47091ab4dab8b23702d4d3d7) Importer(815301076,1909f56bfc062723c751e8b465ee728b)
Start importing Assets/Sprites/Neon/White_on/t.png using Guid(cd554eaa47091ab4dab8b23702d4d3d7) Importer(815301076,1909f56bfc062723c751e8b465ee728b)  -> (artifact id: '78069e39ba9a7a7412b4cc47f25bd578') in 0.019061 seconds
Number of updated asset objects reloaded before import = 0
Number of asset objects unloaded after import = 3
========================================================================
Received Import Request.
  Time since last request: 0.000093 seconds.
  path: Assets/Sprites/Neon/White_on/4.png
  artifactKey: Guid(b586a99b22a00d9479a9a796f49433f5) Importer(815301076,1909f56bfc062723c751e8b465ee728b)
Start importing Assets/Sprites/Neon/White_on/4.png using Guid(b586a99b22a00d9479a9a796f49433f5) Importer(815301076,1909f56bfc062723c751e8b465ee728b)  -> (artifact id: '21a14e1a0eb6f0971223f441546eabf0') in 0.013829 seconds
Number of updated asset objects reloaded before import = 0
Number of asset objects unloaded after import = 3
========================================================================
Received Import Request.
  Time since last request: 0.000073 seconds.
  path: Assets/Sprites/Neon/White_on/c.png
  artifactKey: Guid(4814f48286145c244b00e112faab5412) Importer(815301076,1909f56bfc062723c751e8b465ee728b)
Start importing Assets/Sprites/Neon/White_on/c.png using Guid(4814f48286145c244b00e112faab5412) Importer(815301076,1909f56bfc062723c751e8b465ee728b)  -> (artifact id: '7e73a653d333816edb31363bc8a1e590') in 0.013991 seconds
Number of updated asset objects reloaded before import = 0
Number of asset objects unloaded after import = 3
========================================================================
Received Import Request.
  Time since last request: 2.561646 seconds.
  path: Assets/Sprites/Neon/White_off
  artifactKey: Guid(1d9bca9ae8b490945a3c681860ba2caf) Importer(815301076,1909f56bfc062723c751e8b465ee728b)
Start importing Assets/Sprites/Neon/White_off using Guid(1d9bca9ae8b490945a3c681860ba2caf) Importer(815301076,1909f56bfc062723c751e8b465ee728b)  -> (artifact id: '471933b9ccd9719d0c6063b406854a37') in 0.000597 seconds
Number of updated asset objects reloaded before import = 0
Number of asset objects unloaded after import = 0
========================================================================
Received Import Request.
  Time since last request: 0.116892 seconds.
  path: Assets/Sprites/Neon/White_off/!_turned_off_white.png
  artifactKey: Guid(6773f1d50cf00bb43b6f998b6fa337bb) Importer(815301076,1909f56bfc062723c751e8b465ee728b)
Start importing Assets/Sprites/Neon/White_off/!_turned_off_white.png using Guid(6773f1d50cf00bb43b6f998b6fa337bb) Importer(815301076,1909f56bfc062723c751e8b465ee728b)  -> (artifact id: '50c7985fb5c8d5b2effcdb49f8ffd27c') in 0.013214 seconds
Number of updated asset objects reloaded before import = 0
Number of asset objects unloaded after import = 3
========================================================================
Received Import Request.
  Time since last request: 0.000020 seconds.
  path: Assets/Sprites/Neon/White_off/3_turned_off_white.png
  artifactKey: Guid(2672e4a0fa785964fb2cf6c296b74b75) Importer(815301076,1909f56bfc062723c751e8b465ee728b)
Start importing Assets/Sprites/Neon/White_off/3_turned_off_white.png using Guid(2672e4a0fa785964fb2cf6c296b74b75) Importer(815301076,1909f56bfc062723c751e8b465ee728b)  -> (artifact id: 'dda065422ac839e8be672c933c72c4d9') in 0.023091 seconds
Number of updated asset objects reloaded before import = 0
Number of asset objects unloaded after import = 3
========================================================================
Received Import Request.
  Time since last request: 0.000013 seconds.
  path: Assets/Sprites/Neon/White_off/b_turned_off_white.png
  artifactKey: Guid(b2929fa4abb7cb041a1729ded865354c) Importer(815301076,1909f56bfc062723c751e8b465ee728b)
Start importing Assets/Sprites/Neon/White_off/b_turned_off_white.png using Guid(b2929fa4abb7cb041a1729ded865354c) Importer(815301076,1909f56bfc062723c751e8b465ee728b)  -> (artifact id: '256e94cd0b4c1c8f3328940e2ebdc744') in 0.024213 seconds
Number of updated asset objects reloaded before import = 0
Number of asset objects unloaded after import = 3
========================================================================
Received Import Request.
  Time since last request: 0.000014 seconds.
  path: Assets/Sprites/Neon/White_off/i_turned_off_white.png
  artifactKey: Guid(8817f0af7c71a9d4cab3562a37681996) Importer(815301076,1909f56bfc062723c751e8b465ee728b)
Start importing Assets/Sprites/Neon/White_off/i_turned_off_white.png using Guid(8817f0af7c71a9d4cab3562a37681996) Importer(815301076,1909f56bfc062723c751e8b465ee728b)  -> (artifact id: '5dec66d4e4742a46e561aee5e9591d49') in 0.020182 seconds
Number of updated asset objects reloaded before import = 0
Number of asset objects unloaded after import = 3
========================================================================
Received Import Request.
  Time since last request: 0.000037 seconds.
  path: Assets/Sprites/Neon/White_off/5_turned_off_white.png
  artifactKey: Guid(23f08c6c06f935c4d908d45c13e30d3b) Importer(815301076,1909f56bfc062723c751e8b465ee728b)
Start importing Assets/Sprites/Neon/White_off/5_turned_off_white.png using Guid(23f08c6c06f935c4d908d45c13e30d3b) Importer(815301076,1909f56bfc062723c751e8b465ee728b)  -> (artifact id: '87c91559987b87aa0565580fa2f96365') in 0.034221 seconds
Number of updated asset objects reloaded before import = 0
Number of asset objects unloaded after import = 3
========================================================================
Received Import Request.
  Time since last request: 0.000032 seconds.
  path: Assets/Sprites/Neon/White_off/a_turned_off_white.png
  artifactKey: Guid(073e49fb9cadcf3429912386661189cf) Importer(815301076,1909f56bfc062723c751e8b465ee728b)
Start importing Assets/Sprites/Neon/White_off/a_turned_off_white.png using Guid(073e49fb9cadcf3429912386661189cf) Importer(815301076,1909f56bfc062723c751e8b465ee728b)  -> (artifact id: '213653fa6281a07226c7b791cec75317') in 0.020975 seconds
Number of updated asset objects reloaded before import = 0
Number of asset objects unloaded after import = 3
========================================================================
Received Import Request.
  Time since last request: 0.000017 seconds.
  path: Assets/Sprites/Neon/White_off/m_turned_off_white.png
  artifactKey: Guid(ed60533e46194b944ab8472f656acdd0) Importer(815301076,1909f56bfc062723c751e8b465ee728b)
Start importing Assets/Sprites/Neon/White_off/m_turned_off_white.png using Guid(ed60533e46194b944ab8472f656acdd0) Importer(815301076,1909f56bfc062723c751e8b465ee728b)  -> (artifact id: 'da07f26f58e5f3a2d3f21d71ceec363e') in 0.030360 seconds
Number of updated asset objects reloaded before import = 0
Number of asset objects unloaded after import = 3
========================================================================
Received Import Request.
  Time since last request: 0.000016 seconds.
  path: Assets/Sprites/Neon/White_off/z_turned_off_white.png
  artifactKey: Guid(4d95fb9024b1d4d47aeadc4fa03991a8) Importer(815301076,1909f56bfc062723c751e8b465ee728b)
Start importing Assets/Sprites/Neon/White_off/z_turned_off_white.png using Guid(4d95fb9024b1d4d47aeadc4fa03991a8) Importer(815301076,1909f56bfc062723c751e8b465ee728b)  -> (artifact id: '8128ce509d22ad27862d05ded8fffd6e') in 0.024295 seconds
Number of updated asset objects reloaded before import = 0
Number of asset objects unloaded after import = 3
========================================================================
Received Import Request.
  Time since last request: 9.855693 seconds.
  path: Assets/Scenes/Menu/LightingData.asset
  artifactKey: Guid(06e15e30a4ada6e408dfeff152c78d02) Importer(815301076,1909f56bfc062723c751e8b465ee728b)
Start importing Assets/Scenes/Menu/LightingData.asset using Guid(06e15e30a4ada6e408dfeff152c78d02) Importer(815301076,1909f56bfc062723c751e8b465ee728b)  -> (artifact id: '570dcfd99a7eb2a8c6525adfa94cb1c1') in 0.001214 seconds
Number of updated asset objects reloaded before import = 0
Number of asset objects unloaded after import = 2
========================================================================
Received Import Request.
  Time since last request: 5.531274 seconds.
  path: Assets/Scripts/Boss.cs
  artifactKey: Guid(b1cea55215c8b40a9bb44403bf99eb9a) Importer(815301076,1909f56bfc062723c751e8b465ee728b)
Start importing Assets/Scripts/Boss.cs using Guid(b1cea55215c8b40a9bb44403bf99eb9a) Importer(815301076,1909f56bfc062723c751e8b465ee728b)  -> (artifact id: 'f9be8554b70dbb154d4631d553e97da0') in 0.000507 seconds
Number of updated asset objects reloaded before import = 0
Number of asset objects unloaded after import = 0
========================================================================
Received Prepare
Begin MonoManager ReloadAssembly
Symbol file LoadedFromMemory is not a mono symbol file
- Loaded All Assemblies, in  0.327 seconds
Refreshing native plugins compatible for Editor in 6.35 ms, found 2 plugins.
Native extension for WindowsStandalone target not found
Native extension for Android target not found
[Package Manager] Server::EnsureServerProcessIsRunning -- launch failed, reason: Unity was launched with the -noUpm command-line argument
[Package Manager] UpmClient::Send -- Unable to send message (not connected to UPM process).
[Package Manager] Cannot connect to Unity Package Manager local server
Mono: successfully reloaded assembly
- Finished resetting the current domain, in  0.542 seconds
Domain Reload Profiling: 866ms
	BeginReloadAssembly (115ms)
		ExecutionOrderSort (0ms)
		DisableScriptedObjects (4ms)
		BackupInstance (0ms)
		ReleaseScriptingObjects (0ms)
		CreateAndSetChildDomain (24ms)
	RebuildCommonClasses (23ms)
	RebuildNativeTypeToScriptingClass (7ms)
	initialDomainReloadingComplete (24ms)
	LoadAllAssembliesAndSetupDomain (155ms)
		LoadAssemblies (204ms)
		RebuildTransferFunctionScriptingTraits (0ms)
		AnalyzeDomain (13ms)
			TypeCache.Refresh (5ms)
				TypeCache.ScanAssembly (0ms)
			ScanForSourceGeneratedMonoScriptInfo (5ms)
			ResolveRequiredComponents (2ms)
	FinalizeReload (542ms)
		ReleaseScriptCaches (0ms)
		RebuildScriptCaches (0ms)
		SetupLoadedEditorAssemblies (269ms)
			LogAssemblyErrors (0ms)
			InitializePlatformSupportModulesInManaged (20ms)
			SetLoadedEditorAssemblies (3ms)
			RefreshPlugins (0ms)
			BeforeProcessingInitializeOnLoad (40ms)
			ProcessInitializeOnLoadAttributes (167ms)
			ProcessInitializeOnLoadMethodAttributes (33ms)
			AfterProcessingInitializeOnLoad (6ms)
			EditorAssembliesLoaded (0ms)
		ExecutionOrderSort2 (0ms)
		AwakeInstancesAfterBackupRestoration (5ms)
Refreshing native plugins compatible for Editor in 4.70 ms, found 2 plugins.
Preloading 0 native plugins for Editor in 0.00 ms.
Unloading 2091 Unused Serialized files (Serialized files now loaded: 0)
Unloading 42 unused Assets / (38.9 KB). Loaded Objects now: 2639.
Memory consumption went from 107.2 MB to 107.2 MB.
Total: 2.149800 ms (FindLiveObjects: 0.106800 ms CreateObjectMapping: 0.033600 ms MarkObjects: 1.964500 ms  DeleteObjects: 0.044100 ms)

Prepare: number of updated asset objects reloaded= 0
AssetImportParameters requested are different than current active one (requested -> active):
  custom:video-decoder-webm-vp8: 9c59270c3fd7afecdb556c50c9e8de78 -> 
  custom:SearchIndexIgnoredProperties: e643bd26f0fe6173181afceb89e7c659 -> 
  custom:container-demuxer-ogg: 62fdf1f143b41e24485cea50d1cbac27 -> 
  custom:AudioImporter_EditorPlatform: d09bf68614088b80899f8185d706f6e7 -> 
  custom:video-codec-MediaFoundation-h265: 746d11721c4dcdbdad8f713fa42b33f4 -> 
  custom:video-decoder-ogg-theora: a1e56fd34408186e4bbccfd4996cb3dc -> 
  custom:framework-win-MediaFoundation: 216162199b28c13a410421893ffa2e32 -> 
  custom:video-encoder-webm-vp8: eb34c28f22e8b96e1ab97ce403110664 -> 
  custom:audio-decoder-ogg-vorbis: bf7c407c2cedff20999df2af8eb42d56 -> 
  custom:CustomObjectIndexerAttribute: 6d391050e5a25f67b0a2c618074f2cd9 -> 
  custom:container-demuxer-webm: 4f35f7cbe854078d1ac9338744f61a02 -> 
  custom:audio-encoder-webm-vorbis: bf7c407c2cedff20999df2af8eb42d56 -> 
  custom:container-muxer-webm: aa71ff27fc2769a1b78a27578f13a17b -> 
========================================================================
Received Prepare
Begin MonoManager ReloadAssembly
Symbol file LoadedFromMemory is not a mono symbol file
- Loaded All Assemblies, in  0.284 seconds
Refreshing native plugins compatible for Editor in 5.53 ms, found 2 plugins.
Native extension for WindowsStandalone target not found
Native extension for Android target not found
[Package Manager] Server::EnsureServerProcessIsRunning -- launch failed, reason: Unity was launched with the -noUpm command-line argument
[Package Manager] UpmClient::Send -- Unable to send message (not connected to UPM process).
[Package Manager] Cannot connect to Unity Package Manager local server
Mono: successfully reloaded assembly
- Finished resetting the current domain, in  0.504 seconds
Domain Reload Profiling: 785ms
	BeginReloadAssembly (102ms)
		ExecutionOrderSort (0ms)
		DisableScriptedObjects (4ms)
		BackupInstance (0ms)
		ReleaseScriptingObjects (0ms)
		CreateAndSetChildDomain (20ms)
	RebuildCommonClasses (21ms)
	RebuildNativeTypeToScriptingClass (7ms)
	initialDomainReloadingComplete (21ms)
	LoadAllAssembliesAndSetupDomain (130ms)
		LoadAssemblies (177ms)
		RebuildTransferFunctionScriptingTraits (0ms)
		AnalyzeDomain (6ms)
			TypeCache.Refresh (4ms)
				TypeCache.ScanAssembly (0ms)
			ScanForSourceGeneratedMonoScriptInfo (0ms)
			ResolveRequiredComponents (2ms)
	FinalizeReload (504ms)
		ReleaseScriptCaches (0ms)
		RebuildScriptCaches (0ms)
		SetupLoadedEditorAssemblies (257ms)
			LogAssemblyErrors (0ms)
			InitializePlatformSupportModulesInManaged (18ms)
			SetLoadedEditorAssemblies (2ms)
			RefreshPlugins (0ms)
			BeforeProcessingInitializeOnLoad (36ms)
			ProcessInitializeOnLoadAttributes (161ms)
			ProcessInitializeOnLoadMethodAttributes (33ms)
			AfterProcessingInitializeOnLoad (6ms)
			EditorAssembliesLoaded (0ms)
		ExecutionOrderSort2 (0ms)
		AwakeInstancesAfterBackupRestoration (5ms)
Refreshing native plugins compatible for Editor in 5.20 ms, found 2 plugins.
Preloading 0 native plugins for Editor in 0.00 ms.
Unloading 2092 Unused Serialized files (Serialized files now loaded: 0)
Unloading 42 unused Assets / (39.0 KB). Loaded Objects now: 2642.
Memory consumption went from 109.4 MB to 109.4 MB.
Total: 2.201800 ms (FindLiveObjects: 0.112300 ms CreateObjectMapping: 0.037600 ms MarkObjects: 2.003800 ms  DeleteObjects: 0.047200 ms)

Prepare: number of updated asset objects reloaded= 0
AssetImportParameters requested are different than current active one (requested -> active):
  custom:video-decoder-webm-vp8: 9c59270c3fd7afecdb556c50c9e8de78 -> 
  custom:SearchIndexIgnoredProperties: e643bd26f0fe6173181afceb89e7c659 -> 
  custom:container-demuxer-ogg: 62fdf1f143b41e24485cea50d1cbac27 -> 
  custom:AudioImporter_EditorPlatform: d09bf68614088b80899f8185d706f6e7 -> 
  custom:video-codec-MediaFoundation-h265: 746d11721c4dcdbdad8f713fa42b33f4 -> 
  custom:video-decoder-ogg-theora: a1e56fd34408186e4bbccfd4996cb3dc -> 
  custom:framework-win-MediaFoundation: 216162199b28c13a410421893ffa2e32 -> 
  custom:video-encoder-webm-vp8: eb34c28f22e8b96e1ab97ce403110664 -> 
  custom:audio-decoder-ogg-vorbis: bf7c407c2cedff20999df2af8eb42d56 -> 
  custom:CustomObjectIndexerAttribute: 6d391050e5a25f67b0a2c618074f2cd9 -> 
  custom:container-demuxer-webm: 4f35f7cbe854078d1ac9338744f61a02 -> 
  custom:audio-encoder-webm-vorbis: bf7c407c2cedff20999df2af8eb42d56 -> 
  custom:container-muxer-webm: aa71ff27fc2769a1b78a27578f13a17b -> 
========================================================================
Received Import Request.
  Time since last request: 1056.744498 seconds.
  path: Assets/Prefabs/Player.prefab
  artifactKey: Guid(5b2f3e5c0a544914088224df45b9eeba) Importer(815301076,1909f56bfc062723c751e8b465ee728b)
Start importing Assets/Prefabs/Player.prefab using Guid(5b2f3e5c0a544914088224df45b9eeba) Importer(815301076,1909f56bfc062723c751e8b465ee728b)  -> (artifact id: '1e3de132801d7f831d39f7adab494482') in 0.127409 seconds
Number of updated asset objects reloaded before import = 0
Number of asset objects unloaded after import = 234
========================================================================
Received Import Request.
  Time since last request: 3.753995 seconds.
  path: Assets/Prefabs/Player.prefab
  artifactKey: Guid(5b2f3e5c0a544914088224df45b9eeba) Importer(815301076,1909f56bfc062723c751e8b465ee728b)
Start importing Assets/Prefabs/Player.prefab using Guid(5b2f3e5c0a544914088224df45b9eeba) Importer(815301076,1909f56bfc062723c751e8b465ee728b)  -> (artifact id: '33dff9115077af66f8c46a348e326fa5') in 0.088039 seconds
Number of updated asset objects reloaded before import = 0
Number of asset objects unloaded after import = 234
========================================================================
Received Import Request.
  Time since last request: 3.705790 seconds.
  path: Assets/Prefabs/Player.prefab
  artifactKey: Guid(5b2f3e5c0a544914088224df45b9eeba) Importer(815301076,1909f56bfc062723c751e8b465ee728b)
Start importing Assets/Prefabs/Player.prefab using Guid(5b2f3e5c0a544914088224df45b9eeba) Importer(815301076,1909f56bfc062723c751e8b465ee728b)  -> (artifact id: '5a11467fe7e61b20dd5acd16686d5ef4') in 0.089237 seconds
Number of updated asset objects reloaded before import = 0
Number of asset objects unloaded after import = 234
========================================================================
Received Import Request.
  Time since last request: 10.250713 seconds.
  path: Assets/Scenes/Win.unity
  artifactKey: Guid(0c5cd2c9df8f2436a8705952d1faba20) Importer(815301076,1909f56bfc062723c751e8b465ee728b)
Start importing Assets/Scenes/Win.unity using Guid(0c5cd2c9df8f2436a8705952d1faba20) Importer(815301076,1909f56bfc062723c751e8b465ee728b)  -> (artifact id: 'c61b73bf1368795c5ef6b8a97e88f022') in 0.000644 seconds
Number of updated asset objects reloaded before import = 0
Number of asset objects unloaded after import = 0
========================================================================
Received Import Request.
  Time since last request: 3.365898 seconds.
  path: Assets/Scenes/Menu
  artifactKey: Guid(22a9b0c8083b5a5408c8202ad21e3b51) Importer(815301076,1909f56bfc062723c751e8b465ee728b)
Start importing Assets/Scenes/Menu using Guid(22a9b0c8083b5a5408c8202ad21e3b51) Importer(815301076,1909f56bfc062723c751e8b465ee728b)  -> (artifact id: 'da22149b712ad04343c5b4092d217b1b') in 0.000440 seconds
Number of updated asset objects reloaded before import = 0
Number of asset objects unloaded after import = 0
========================================================================
Received Prepare
Begin MonoManager ReloadAssembly
Symbol file LoadedFromMemory is not a mono symbol file
- Loaded All Assemblies, in  0.294 seconds
Refreshing native plugins compatible for Editor in 4.74 ms, found 2 plugins.
Native extension for WindowsStandalone target not found
Native extension for Android target not found
[Package Manager] Server::EnsureServerProcessIsRunning -- launch failed, reason: Unity was launched with the -noUpm command-line argument
[Package Manager] UpmClient::Send -- Unable to send message (not connected to UPM process).
[Package Manager] Cannot connect to Unity Package Manager local server
Mono: successfully reloaded assembly
- Finished resetting the current domain, in  0.515 seconds
Domain Reload Profiling: 806ms
	BeginReloadAssembly (105ms)
		ExecutionOrderSort (0ms)
		DisableScriptedObjects (4ms)
		BackupInstance (0ms)
		ReleaseScriptingObjects (0ms)
		CreateAndSetChildDomain (21ms)
	RebuildCommonClasses (21ms)
	RebuildNativeTypeToScriptingClass (8ms)
	initialDomainReloadingComplete (21ms)
	LoadAllAssembliesAndSetupDomain (136ms)
		LoadAssemblies (186ms)
		RebuildTransferFunctionScriptingTraits (0ms)
		AnalyzeDomain (6ms)
			TypeCache.Refresh (4ms)
				TypeCache.ScanAssembly (0ms)
			ScanForSourceGeneratedMonoScriptInfo (0ms)
			ResolveRequiredComponents (2ms)
	FinalizeReload (515ms)
		ReleaseScriptCaches (0ms)
		RebuildScriptCaches (0ms)
		SetupLoadedEditorAssemblies (267ms)
			LogAssemblyErrors (0ms)
			InitializePlatformSupportModulesInManaged (18ms)
			SetLoadedEditorAssemblies (2ms)
			RefreshPlugins (0ms)
			BeforeProcessingInitializeOnLoad (37ms)
			ProcessInitializeOnLoadAttributes (165ms)
			ProcessInitializeOnLoadMethodAttributes (40ms)
			AfterProcessingInitializeOnLoad (6ms)
			EditorAssembliesLoaded (0ms)
		ExecutionOrderSort2 (0ms)
		AwakeInstancesAfterBackupRestoration (5ms)
Refreshing native plugins compatible for Editor in 5.95 ms, found 2 plugins.
Preloading 0 native plugins for Editor in 0.00 ms.
Unloading 2091 Unused Serialized files (Serialized files now loaded: 0)
Unloading 42 unused Assets / (40.1 KB). Loaded Objects now: 2651.
Memory consumption went from 110.5 MB to 110.5 MB.
Total: 2.084800 ms (FindLiveObjects: 0.114100 ms CreateObjectMapping: 0.031500 ms MarkObjects: 1.888000 ms  DeleteObjects: 0.050600 ms)

Prepare: number of updated asset objects reloaded= 0
AssetImportParameters requested are different than current active one (requested -> active):
  custom:video-decoder-webm-vp8: 9c59270c3fd7afecdb556c50c9e8de78 -> 
  custom:SearchIndexIgnoredProperties: e643bd26f0fe6173181afceb89e7c659 -> 
  custom:container-demuxer-ogg: 62fdf1f143b41e24485cea50d1cbac27 -> 
  custom:AudioImporter_EditorPlatform: d09bf68614088b80899f8185d706f6e7 -> 
  custom:video-codec-MediaFoundation-h265: 746d11721c4dcdbdad8f713fa42b33f4 -> 
  custom:video-decoder-ogg-theora: a1e56fd34408186e4bbccfd4996cb3dc -> 
  custom:framework-win-MediaFoundation: 216162199b28c13a410421893ffa2e32 -> 
  custom:video-encoder-webm-vp8: eb34c28f22e8b96e1ab97ce403110664 -> 
  custom:audio-decoder-ogg-vorbis: bf7c407c2cedff20999df2af8eb42d56 -> 
  custom:CustomObjectIndexerAttribute: 6d391050e5a25f67b0a2c618074f2cd9 -> 
  custom:container-demuxer-webm: 4f35f7cbe854078d1ac9338744f61a02 -> 
  custom:audio-encoder-webm-vorbis: bf7c407c2cedff20999df2af8eb42d56 -> 
  custom:container-muxer-webm: aa71ff27fc2769a1b78a27578f13a17b -> 
========================================================================
Received Import Request.
  Time since last request: 126.000599 seconds.
  path: Assets/Scripts
  artifactKey: Guid(c9a75bd5ceb4843e3b196ee2d4dee483) Importer(815301076,1909f56bfc062723c751e8b465ee728b)
Start importing Assets/Scripts using Guid(c9a75bd5ceb4843e3b196ee2d4dee483) Importer(815301076,1909f56bfc062723c751e8b465ee728b)  -> (artifact id: 'bed8f0e0b10f73b00b3284762e754201') in 0.002451 seconds
Number of updated asset objects reloaded before import = 0
Number of asset objects unloaded after import = 0
========================================================================
Received Import Request.
  Time since last request: 1.965599 seconds.
  path: Assets/Scripts/Weapon.cs
  artifactKey: Guid(97ae684bcdc1c463c9f76ea6d1a58922) Importer(815301076,1909f56bfc062723c751e8b465ee728b)
Start importing Assets/Scripts/Weapon.cs using Guid(97ae684bcdc1c463c9f76ea6d1a58922) Importer(815301076,1909f56bfc062723c751e8b465ee728b)  -> (artifact id: '2bbb851b5e9bdd3df66812beac1b120e') in 0.000458 seconds
Number of updated asset objects reloaded before import = 0
Number of asset objects unloaded after import = 0
